  [4;36;1mSQL (1.2ms)[0m   [0;1m SELECT name
 FROM sqlite_master
 WHERE type = 'table' AND NOT name = 'sqlite_sequence'
[0m
  [4;35;1mSQL (0.4ms)[0m   [0mselect sqlite_version(*)[0m
  [4;36;1mSQL (134.9ms)[0m   [0;1mCREATE TABLE "schema_migrations" ("version" varchar(255) NOT NULL) [0m
  [4;35;1mSQL (87.1ms)[0m   [0mCREATE UNIQUE INDEX "unique_schema_migrations" ON "schema_migrations" ("version")[0m
  [4;36;1mSQL (0.6ms)[0m   [0;1m SELECT name
 FROM sqlite_master
 WHERE type = 'table' AND NOT name = 'sqlite_sequence'
[0m
  [4;35;1mSQL (0.4ms)[0m   [0mSELECT version FROM schema_migrations[0m
Migrating to CreateStories (20100116012800)
  [4;36;1mSQL (1.1ms)[0m   [0;1mCREATE TABLE "stories" ("id" INTEGER PRIMARY KEY AUTOINCREMENT NOT NULL, "name" varchar(255), "link" varchar(255), "created_at" datetime, "updated_at" datetime) [0m
  [4;35;1mSQL (0.3ms)[0m   [0mINSERT INTO schema_migrations (version) VALUES ('20100116012800')[0m
  [4;36;1mSQL (0.7ms)[0m   [0;1m SELECT name
 FROM sqlite_master
 WHERE type = 'table' AND NOT name = 'sqlite_sequence'
[0m
  [4;35;1mSQL (0.4ms)[0m   [0mSELECT version FROM schema_migrations[0m
  [4;36;1mSQL (0.5ms)[0m   [0;1m SELECT name
 FROM sqlite_master
 WHERE type = 'table' AND NOT name = 'sqlite_sequence'
[0m
  [4;35;1mSQL (0.2ms)[0m   [0mPRAGMA index_list("stories")[0m


Processing StoriesController#index (for 127.0.0.1 at 2010-01-16 09:50:29) [GET]
  [4;36;1mStory Load (0.8ms)[0m   [0;1mSELECT * FROM "stories" [0m
Rendering template within layouts/stories
Rendering stories/index
Completed in 29ms (View: 20, DB: 1) | 200 OK [http://0.0.0.0/stories]


Processing StoriesController#index (for 127.0.0.1 at 2010-01-16 09:53:02) [GET]
  [4;35;1mStory Load (0.7ms)[0m   [0mSELECT * FROM "stories" [0m
Rendering template within layouts/stories
Rendering stories/index
Completed in 19ms (View: 8, DB: 1) | 200 OK [http://0.0.0.0/stories]


Processing StoriesController#index (for 127.0.0.1 at 2010-01-16 09:53:36) [GET]
  [4;36;1mStory Load (0.6ms)[0m   [0;1mSELECT * FROM "stories" [0m
Rendering template within layouts/stories
Rendering stories/index
Completed in 12ms (View: 6, DB: 1) | 200 OK [http://0.0.0.0/stories]


Processing StoriesController#new (for 127.0.0.1 at 2010-01-16 09:53:41) [GET]
Rendering template within layouts/stories
Rendering stories/new
Completed in 23ms (View: 11, DB: 0) | 200 OK [http://0.0.0.0/stories/new]


Processing StoriesController#create (for 127.0.0.1 at 2010-01-16 09:55:31) [POST]
  Parameters: {"commit"=>"Create", "story"=>{"name"=>"ç™½é›ªå…¬ä¸»å’Œä¸ƒä¸ªå°çŸ®äºº", "id"=>"1", "link"=>""}, "authenticity_token"=>"0pWdljzDgwmH7EzKcm9/hKL4d+NMZoJBw8bgtqepioM="}
WARNING: Can't mass-assign these protected attributes: id
  [4;35;1mStory Create (1.1ms)[0m   [0mINSERT INTO "stories" ("name", "created_at", "updated_at", "link") VALUES('ç™½é›ªå…¬ä¸»å’Œä¸ƒä¸ªå°çŸ®äºº', '2010-01-16 01:55:31', '2010-01-16 01:55:31', '')[0m
Redirected to http://0.0.0.0:3000/stories/1
Completed in 162ms (DB: 1) | 302 Found [http://0.0.0.0/stories]


Processing StoriesController#show (for 127.0.0.1 at 2010-01-16 09:55:32) [GET]
  Parameters: {"id"=>"1"}
  [4;36;1mStory Load (0.6ms)[0m   [0;1mSELECT * FROM "stories" WHERE ("stories"."id" = 1) [0m
Rendering template within layouts/stories
Rendering stories/show
Completed in 92ms (View: 83, DB: 1) | 200 OK [http://0.0.0.0/stories/1]


Processing StoriesController#index (for 127.0.0.1 at 2010-01-16 09:55:34) [GET]
  [4;35;1mStory Load (1.0ms)[0m   [0mSELECT * FROM "stories" [0m
Rendering template within layouts/stories
Rendering stories/index
Completed in 19ms (View: 11, DB: 1) | 200 OK [http://0.0.0.0/stories]


Processing StoriesController#index (for 127.0.0.1 at 2010-01-16 09:56:02) [GET]
  [4;36;1mStory Load (0.9ms)[0m   [0;1mSELECT * FROM "stories" [0m
Rendering template within layouts/stories
Rendering stories/index
Completed in 22ms (View: 15, DB: 1) | 200 OK [http://0.0.0.0/stories]


Processing StoriesController#edit (for 127.0.0.1 at 2010-01-16 09:58:15) [GET]
  Parameters: {"id"=>"1"}
  [4;35;1mStory Load (0.9ms)[0m   [0mSELECT * FROM "stories" WHERE ("stories"."id" = 1) [0m
Rendering template within layouts/stories
Rendering stories/edit
Completed in 24ms (View: 12, DB: 1) | 200 OK [http://0.0.0.0/stories/1/edit]


Processing StoriesController#index (for 127.0.0.1 at 2010-01-16 09:58:17) [GET]
  [4;36;1mStory Load (1.4ms)[0m   [0;1mSELECT * FROM "stories" [0m
Rendering template within layouts/stories
Rendering stories/index
Completed in 18ms (View: 7, DB: 1) | 200 OK [http://0.0.0.0/stories]


Processing StoriesController#edit (for 127.0.0.1 at 2010-01-16 09:59:06) [GET]
  Parameters: {"id"=>"1"}
  [4;35;1mStory Load (0.8ms)[0m   [0mSELECT * FROM "stories" WHERE ("stories"."id" = 1) [0m
Rendering template within layouts/stories
Rendering stories/edit
ERROR: compiling _run_erb_app47views47stories47edit46html46erb RAISED compile error
/home/workspace/gftop/BuildYourOwnRubyOnRailsWebApplications/chapter04/shovell/app/views/stories/edit.html.erb:7: syntax error, unexpected tIDENTIFIER, expecting ')'
...fer.concat(( f.label :Story id ).to_s); @output_buffer.conca...
                              ^
Function body:           def _run_erb_app47views47stories47edit46html46erb(local_assigns)
            old_output_buffer = output_buffer;;@output_buffer = '';  __in_erb_template=true ; @output_buffer.concat "<h1>Editing story</h1>\n\n"

;  form_for(@story) do |f| ; @output_buffer.concat "\n  "
; @output_buffer.concat(( f.error_messages ).to_s); @output_buffer.concat "\n\n  <p>\n    "


; @output_buffer.concat(( f.label :Story id ).to_s); @output_buffer.concat "<br />\n    "
; @output_buffer.concat(( f.text_field :id ).to_s); @output_buffer.concat "\n  </p>\n  <p>\n    "


; @output_buffer.concat(( f.label :name ).to_s); @output_buffer.concat "<br />\n    "
; @output_buffer.concat(( f.text_field :name ).to_s); @output_buffer.concat "\n  </p>\n  <p>\n    "


; @output_buffer.concat(( f.label :link ).to_s); @output_buffer.concat "<br />\n    "
; @output_buffer.concat(( f.text_field :link ).to_s); @output_buffer.concat "\n  </p>\n  <p>\n    "


; @output_buffer.concat(( f.submit 'Update' ).to_s); @output_buffer.concat "\n  </p>\n"

;  end ; @output_buffer.concat "\n\n"

; @output_buffer.concat(( link_to 'Show', @story ).to_s); @output_buffer.concat " |\n"
; @output_buffer.concat(( link_to 'Back', stories_path ).to_s); @output_buffer.concat "\n"
; @output_buffer
          ensure
            self.output_buffer = old_output_buffer
          end
Backtrace: /home/workspace/gftop/BuildYourOwnRubyOnRailsWebApplications/chapter04/shovell/app/views/stories/edit.html.erb:28:in `compile!'
/usr/lib/ruby/gems/1.8/gems/actionpack-2.3.2/lib/action_view/renderable.rb:61:in `compile'
/usr/lib/ruby/gems/1.8/gems/actionpack-2.3.2/lib/action_view/renderable.rb:28:in `render'
/usr/lib/ruby/gems/1.8/gems/actionpack-2.3.2/lib/action_view/template.rb:194:in `render_template'
/usr/lib/ruby/gems/1.8/gems/actionpack-2.3.2/lib/action_view/base.rb:260:in `render'
/usr/lib/ruby/gems/1.8/gems/actionpack-2.3.2/lib/action_view/base.rb:343:in `_render_with_layout'
/usr/lib/ruby/gems/1.8/gems/actionpack-2.3.2/lib/action_view/base.rb:257:in `render'
/usr/lib/ruby/gems/1.8/gems/actionpack-2.3.2/lib/action_controller/base.rb:1241:in `render_for_file'
/usr/lib/ruby/gems/1.8/gems/actionpack-2.3.2/lib/action_controller/base.rb:937:in `render_without_benchmark'
/usr/lib/ruby/gems/1.8/gems/actionpack-2.3.2/lib/action_controller/benchmarking.rb:51:in `render'
/usr/lib/ruby/gems/1.8/gems/activesupport-2.3.2/lib/active_support/core_ext/benchmark.rb:17:in `ms'
/usr/lib/ruby/1.8/benchmark.rb:308:in `realtime'
/usr/lib/ruby/gems/1.8/gems/activesupport-2.3.2/lib/active_support/core_ext/benchmark.rb:17:in `ms'
/usr/lib/ruby/gems/1.8/gems/actionpack-2.3.2/lib/action_controller/benchmarking.rb:51:in `render'
/usr/lib/ruby/gems/1.8/gems/actionpack-2.3.2/lib/action_controller/base.rb:1317:in `default_render'
/usr/lib/ruby/gems/1.8/gems/actionpack-2.3.2/lib/action_controller/base.rb:1323:in `perform_action_without_filters'
/usr/lib/ruby/gems/1.8/gems/actionpack-2.3.2/lib/action_controller/filters.rb:617:in `call_filters'
/usr/lib/ruby/gems/1.8/gems/actionpack-2.3.2/lib/action_controller/filters.rb:610:in `perform_action_without_benchmark'
/usr/lib/ruby/gems/1.8/gems/actionpack-2.3.2/lib/action_controller/benchmarking.rb:68:in `perform_action_without_rescue'
/usr/lib/ruby/gems/1.8/gems/activesupport-2.3.2/lib/active_support/core_ext/benchmark.rb:17:in `ms'
/usr/lib/ruby/1.8/benchmark.rb:308:in `realtime'
/usr/lib/ruby/gems/1.8/gems/activesupport-2.3.2/lib/active_support/core_ext/benchmark.rb:17:in `ms'
/usr/lib/ruby/gems/1.8/gems/actionpack-2.3.2/lib/action_controller/benchmarking.rb:68:in `perform_action_without_rescue'
/usr/lib/ruby/gems/1.8/gems/actionpack-2.3.2/lib/action_controller/rescue.rb:160:in `perform_action_without_flash'
/usr/lib/ruby/gems/1.8/gems/actionpack-2.3.2/lib/action_controller/flash.rb:141:in `perform_action'
/usr/lib/ruby/gems/1.8/gems/actionpack-2.3.2/lib/action_controller/base.rb:523:in `send'
/usr/lib/ruby/gems/1.8/gems/actionpack-2.3.2/lib/action_controller/base.rb:523:in `process_without_filters'
/usr/lib/ruby/gems/1.8/gems/actionpack-2.3.2/lib/action_controller/filters.rb:606:in `process'
/usr/lib/ruby/gems/1.8/gems/actionpack-2.3.2/lib/action_controller/base.rb:391:in `process'
/usr/lib/ruby/gems/1.8/gems/actionpack-2.3.2/lib/action_controller/base.rb:386:in `call'
/usr/lib/ruby/gems/1.8/gems/actionpack-2.3.2/lib/action_controller/routing/route_set.rb:433:in `call'
/usr/lib/ruby/gems/1.8/gems/actionpack-2.3.2/lib/action_controller/dispatcher.rb:88:in `dispatch'
/usr/lib/ruby/gems/1.8/gems/actionpack-2.3.2/lib/action_controller/dispatcher.rb:111:in `_call'
/usr/lib/ruby/gems/1.8/gems/actionpack-2.3.2/lib/action_controller/dispatcher.rb:82:in `initialize'
/usr/lib/ruby/gems/1.8/gems/activerecord-2.3.2/lib/active_record/query_cache.rb:29:in `call'
/usr/lib/ruby/gems/1.8/gems/activerecord-2.3.2/lib/active_record/query_cache.rb:29:in `call'
/usr/lib/ruby/gems/1.8/gems/activerecord-2.3.2/lib/active_record/connection_adapters/abstract/query_cache.rb:34:in `cache'
/usr/lib/ruby/gems/1.8/gems/activerecord-2.3.2/lib/active_record/query_cache.rb:9:in `cache'
/usr/lib/ruby/gems/1.8/gems/activerecord-2.3.2/lib/active_record/query_cache.rb:28:in `call'
/usr/lib/ruby/gems/1.8/gems/activerecord-2.3.2/lib/active_record/connection_adapters/abstract/connection_pool.rb:361:in `call'
/usr/lib/ruby/gems/1.8/gems/rack-1.0.0/lib/rack/head.rb:9:in `call'
/usr/lib/ruby/gems/1.8/gems/rack-1.0.0/lib/rack/methodoverride.rb:24:in `call'
/usr/lib/ruby/gems/1.8/gems/actionpack-2.3.2/lib/action_controller/params_parser.rb:15:in `call'
/usr/lib/ruby/gems/1.8/gems/actionpack-2.3.2/lib/action_controller/rewindable_input.rb:25:in `call'
/usr/lib/ruby/gems/1.8/gems/actionpack-2.3.2/lib/action_controller/session/cookie_store.rb:93:in `call'
/usr/lib/ruby/gems/1.8/gems/actionpack-2.3.2/lib/action_controller/reloader.rb:9:in `call'
/usr/lib/ruby/gems/1.8/gems/actionpack-2.3.2/lib/action_controller/failsafe.rb:11:in `call'
/usr/lib/ruby/gems/1.8/gems/rack-1.0.0/lib/rack/lock.rb:11:in `call'
/usr/lib/ruby/gems/1.8/gems/rack-1.0.0/lib/rack/lock.rb:11:in `synchronize'
/usr/lib/ruby/gems/1.8/gems/rack-1.0.0/lib/rack/lock.rb:11:in `call'
/usr/lib/ruby/gems/1.8/gems/actionpack-2.3.2/lib/action_controller/dispatcher.rb:106:in `call'
/usr/lib/ruby/gems/1.8/gems/rails-2.3.2/lib/rails/rack/static.rb:31:in `call'
/usr/lib/ruby/gems/1.8/gems/rack-1.0.0/lib/rack/urlmap.rb:46:in `call'
/usr/lib/ruby/gems/1.8/gems/rack-1.0.0/lib/rack/urlmap.rb:40:in `each'
/usr/lib/ruby/gems/1.8/gems/rack-1.0.0/lib/rack/urlmap.rb:40:in `call'
/usr/lib/ruby/gems/1.8/gems/rails-2.3.2/lib/rails/rack/log_tailer.rb:17:in `call'
/usr/lib/ruby/gems/1.8/gems/rack-1.0.0/lib/rack/content_length.rb:13:in `call'
/usr/lib/ruby/gems/1.8/gems/rack-1.0.0/lib/rack/handler/webrick.rb:46:in `service'
/usr/lib/ruby/1.8/webrick/httpserver.rb:104:in `service'
/usr/lib/ruby/1.8/webrick/httpserver.rb:65:in `run'
/usr/lib/ruby/1.8/webrick/server.rb:173:in `start_thread'
/usr/lib/ruby/1.8/webrick/server.rb:162:in `start'
/usr/lib/ruby/1.8/webrick/server.rb:162:in `start_thread'
/usr/lib/ruby/1.8/webrick/server.rb:95:in `start'
/usr/lib/ruby/1.8/webrick/server.rb:92:in `each'
/usr/lib/ruby/1.8/webrick/server.rb:92:in `start'
/usr/lib/ruby/1.8/webrick/server.rb:23:in `start'
/usr/lib/ruby/1.8/webrick/server.rb:82:in `start'
/usr/lib/ruby/gems/1.8/gems/rack-1.0.0/lib/rack/handler/webrick.rb:13:in `run'
/usr/lib/ruby/gems/1.8/gems/rails-2.3.2/lib/commands/server.rb:111
/usr/lib/ruby/vendor_ruby/1.8/rubygems/custom_require.rb:31:in `gem_original_require'
/usr/lib/ruby/vendor_ruby/1.8/rubygems/custom_require.rb:31:in `require'
script/server:3

ActionView::TemplateError (compile error
/home/workspace/gftop/BuildYourOwnRubyOnRailsWebApplications/chapter04/shovell/app/views/stories/edit.html.erb:7: syntax error, unexpected tIDENTIFIER, expecting ')'
...fer.concat(( f.label :Story id ).to_s); @output_buffer.conca...
                              ^) on line #7 of app/views/stories/edit.html.erb:
4:   <%= f.error_messages %>
5: 
6:   <p>
7:     <%= f.label :Story id %><br />
8:     <%= f.text_field :id %>
9:   </p>
10:   <p>

    app/views/stories/edit.html.erb:28:in `compile!'
    /usr/lib/ruby/1.8/webrick/httpserver.rb:104:in `service'
    /usr/lib/ruby/1.8/webrick/httpserver.rb:65:in `run'
    /usr/lib/ruby/1.8/webrick/server.rb:173:in `start_thread'
    /usr/lib/ruby/1.8/webrick/server.rb:162:in `start'
    /usr/lib/ruby/1.8/webrick/server.rb:162:in `start_thread'
    /usr/lib/ruby/1.8/webrick/server.rb:95:in `start'
    /usr/lib/ruby/1.8/webrick/server.rb:92:in `each'
    /usr/lib/ruby/1.8/webrick/server.rb:92:in `start'
    /usr/lib/ruby/1.8/webrick/server.rb:23:in `start'
    /usr/lib/ruby/1.8/webrick/server.rb:82:in `start'

Rendered rescues/_trace (129.9ms)
Rendered rescues/_request_and_response (1.9ms)
Rendering rescues/layout (internal_server_error)


Processing StoriesController#edit (for 127.0.0.1 at 2010-01-16 09:59:37) [GET]
  Parameters: {"id"=>"1"}
  [4;36;1mStory Load (0.8ms)[0m   [0;1mSELECT * FROM "stories" WHERE ("stories"."id" = 1) [0m
Rendering template within layouts/stories
Rendering stories/edit
Completed in 23ms (View: 12, DB: 1) | 200 OK [http://0.0.0.0/stories/1/edit]


Processing StoriesController#index (for 127.0.0.1 at 2010-01-16 09:59:39) [GET]
  [4;35;1mStory Load (1.3ms)[0m   [0mSELECT * FROM "stories" [0m
Rendering template within layouts/stories
Rendering stories/index
Completed in 17ms (View: 9, DB: 1) | 200 OK [http://0.0.0.0/stories]


Processing TopicsController#index (for 127.0.0.1 at 2010-01-16 10:19:47) [GET]
  [4;36;1mSQL (1.1ms)[0m   [0;1m SELECT name
 FROM sqlite_master
 WHERE type = 'table' AND NOT name = 'sqlite_sequence'
[0m
  [4;35;1mSQL (0.6ms)[0m   [0m SELECT name
 FROM sqlite_master
 WHERE type = 'table' AND NOT name = 'sqlite_sequence'
[0m

NoMethodError (undefined method `has_and_belogs_to_many' for Topic(Table doesn't exist):Class):
  app/models/topic.rb:3
  app/controllers/topics_controller.rb:5:in `index'
  /usr/lib/ruby/1.8/webrick/httpserver.rb:104:in `service'
  /usr/lib/ruby/1.8/webrick/httpserver.rb:65:in `run'
  /usr/lib/ruby/1.8/webrick/server.rb:173:in `start_thread'
  /usr/lib/ruby/1.8/webrick/server.rb:162:in `start'
  /usr/lib/ruby/1.8/webrick/server.rb:162:in `start_thread'
  /usr/lib/ruby/1.8/webrick/server.rb:95:in `start'
  /usr/lib/ruby/1.8/webrick/server.rb:92:in `each'
  /usr/lib/ruby/1.8/webrick/server.rb:92:in `start'
  /usr/lib/ruby/1.8/webrick/server.rb:23:in `start'
  /usr/lib/ruby/1.8/webrick/server.rb:82:in `start'

Rendered rescues/_trace (49.5ms)
Rendered rescues/_request_and_response (79.0ms)
Rendering rescues/layout (internal_server_error)


Processing TopicsController#index (for 127.0.0.1 at 2010-01-16 10:20:08) [GET]
  [4;36;1mTopic Load (0.0ms)[0m   [0;1mSQLite3::SQLException: no such table: topics: SELECT * FROM "topics" [0m

ActiveRecord::StatementInvalid (SQLite3::SQLException: no such table: topics: SELECT * FROM "topics" ):
  app/controllers/topics_controller.rb:5:in `index'
  /usr/lib/ruby/1.8/webrick/httpserver.rb:104:in `service'
  /usr/lib/ruby/1.8/webrick/httpserver.rb:65:in `run'
  /usr/lib/ruby/1.8/webrick/server.rb:173:in `start_thread'
  /usr/lib/ruby/1.8/webrick/server.rb:162:in `start'
  /usr/lib/ruby/1.8/webrick/server.rb:162:in `start_thread'
  /usr/lib/ruby/1.8/webrick/server.rb:95:in `start'
  /usr/lib/ruby/1.8/webrick/server.rb:92:in `each'
  /usr/lib/ruby/1.8/webrick/server.rb:92:in `start'
  /usr/lib/ruby/1.8/webrick/server.rb:23:in `start'
  /usr/lib/ruby/1.8/webrick/server.rb:82:in `start'

Rendered rescues/_trace (49.6ms)
Rendered rescues/_request_and_response (0.4ms)
Rendering rescues/layout (internal_server_error)
  [4;36;1mSQL (1.3ms)[0m   [0;1m SELECT name
 FROM sqlite_master
 WHERE type = 'table' AND NOT name = 'sqlite_sequence'
[0m
  [4;35;1mSQL (0.4ms)[0m   [0mSELECT version FROM schema_migrations[0m
Migrating to CreateStories (20100116012800)
Migrating to CreateAuthors (20100116020834)
  [4;36;1mSQL (0.3ms)[0m   [0;1mselect sqlite_version(*)[0m
  [4;35;1mSQL (1.1ms)[0m   [0mCREATE TABLE "authors" ("id" INTEGER PRIMARY KEY AUTOINCREMENT NOT NULL, "name" varchar(255), "created_at" datetime, "updated_at" datetime) [0m
  [4;36;1mSQL (0.3ms)[0m   [0;1mINSERT INTO schema_migrations (version) VALUES ('20100116020834')[0m
Migrating to CreateWeblogs (20100116020915)
  [4;35;1mSQL (1.8ms)[0m   [0mCREATE TABLE "weblogs" ("id" INTEGER PRIMARY KEY AUTOINCREMENT NOT NULL, "name" varchar(255), "created_at" datetime, "updated_at" datetime) [0m
  [4;36;1mSQL (0.3ms)[0m   [0;1mINSERT INTO schema_migrations (version) VALUES ('20100116020915')[0m
Migrating to CreateTopics (20100116021113)
  [4;35;1mSQL (1.1ms)[0m   [0mCREATE TABLE "topics" ("id" INTEGER PRIMARY KEY AUTOINCREMENT NOT NULL, "name" varchar(255), "created_at" datetime, "updated_at" datetime) [0m
  [4;36;1mSQL (0.4ms)[0m   [0;1mINSERT INTO schema_migrations (version) VALUES ('20100116021113')[0m
  [4;35;1mSQL (1.1ms)[0m   [0m SELECT name
 FROM sqlite_master
 WHERE type = 'table' AND NOT name = 'sqlite_sequence'
[0m
  [4;36;1mSQL (1.1ms)[0m   [0;1mSELECT version FROM schema_migrations[0m
  [4;35;1mSQL (1.7ms)[0m   [0m SELECT name
 FROM sqlite_master
 WHERE type = 'table' AND NOT name = 'sqlite_sequence'
[0m
  [4;36;1mSQL (0.5ms)[0m   [0;1mPRAGMA index_list("authors")[0m
  [4;35;1mSQL (0.2ms)[0m   [0mPRAGMA index_list("stories")[0m
  [4;36;1mSQL (0.2ms)[0m   [0;1mPRAGMA index_list("topics")[0m
  [4;35;1mSQL (0.2ms)[0m   [0mPRAGMA index_list("weblogs")[0m


Processing TopicsController#index (for 127.0.0.1 at 2010-01-16 10:20:29) [GET]
  [4;35;1mTopic Load (1.1ms)[0m   [0mSELECT * FROM "topics" [0m
Rendering template within layouts/topics
Rendering topics/index
Completed in 30ms (View: 17, DB: 1) | 200 OK [http://0.0.0.0/topics]


Processing TopicsController#new (for 127.0.0.1 at 2010-01-16 10:44:05) [GET]
Rendering template within layouts/topics
Rendering topics/new
Completed in 23ms (View: 10, DB: 0) | 200 OK [http://0.0.0.0/topics/new]


Processing TopicsController#create (for 127.0.0.1 at 2010-01-16 10:44:19) [POST]
  Parameters: {"commit"=>"Create", "authenticity_token"=>"0pWdljzDgwmH7EzKcm9/hKL4d+NMZoJBw8bgtqepioM=", "topic"=>{"name"=>"åŽ†å²", "id"=>"1"}}
WARNING: Can't mass-assign these protected attributes: id
  [4;36;1mTopic Create (1.0ms)[0m   [0;1mINSERT INTO "topics" ("name", "created_at", "updated_at") VALUES('åŽ†å²', '2010-01-16 02:44:19', '2010-01-16 02:44:19')[0m
Redirected to http://0.0.0.0:3000/topics/1
Completed in 182ms (DB: 1) | 302 Found [http://0.0.0.0/topics]


Processing TopicsController#show (for 127.0.0.1 at 2010-01-16 10:44:20) [GET]
  Parameters: {"id"=>"1"}
  [4;35;1mTopic Load (0.5ms)[0m   [0mSELECT * FROM "topics" WHERE ("topics"."id" = 1) [0m
Rendering template within layouts/topics
Rendering topics/show
Completed in 18ms (View: 7, DB: 1) | 200 OK [http://0.0.0.0/topics/1]


Processing TopicsController#index (for 127.0.0.1 at 2010-01-16 10:44:22) [GET]
  [4;36;1mTopic Load (1.0ms)[0m   [0;1mSELECT * FROM "topics" [0m
Rendering template within layouts/topics
Rendering topics/index
Completed in 16ms (View: 6, DB: 1) | 200 OK [http://0.0.0.0/topics]


Processing TopicsController#index (for 127.0.0.1 at 2010-01-16 10:45:32) [GET]
  [4;35;1mTopic Load (1.0ms)[0m   [0mSELECT * FROM "topics" [0m
Rendering template within layouts/topics
Rendering topics/index
Completed in 20ms (View: 10, DB: 1) | 200 OK [http://0.0.0.0/topics]
