  [4;36;1mSQL (0.7ms)[0m   [0;1m SELECT name
 FROM sqlite_master
 WHERE type = 'table' AND NOT name = 'sqlite_sequence'
[0m
  [4;35;1mSQL (0.4ms)[0m   [0mselect sqlite_version(*)[0m
  [4;36;1mSQL (124.8ms)[0m   [0;1mCREATE TABLE "schema_migrations" ("version" varchar(255) NOT NULL) [0m
  [4;35;1mSQL (84.3ms)[0m   [0mCREATE UNIQUE INDEX "unique_schema_migrations" ON "schema_migrations" ("version")[0m
  [4;36;1mSQL (2.2ms)[0m   [0;1m SELECT name
 FROM sqlite_master
 WHERE type = 'table' AND NOT name = 'sqlite_sequence'
[0m
  [4;35;1mSQL (0.4ms)[0m   [0mSELECT version FROM schema_migrations[0m
Migrating to CreateStories (20100118073242)
  [4;36;1mSQL (1.4ms)[0m   [0;1mCREATE TABLE "stories" ("id" INTEGER PRIMARY KEY AUTOINCREMENT NOT NULL, "name" varchar(255), "link" varchar(255), "created_at" datetime, "updated_at" datetime) [0m
  [4;35;1mSQL (0.3ms)[0m   [0mINSERT INTO schema_migrations (version) VALUES ('20100118073242')[0m
  [4;36;1mSQL (0.6ms)[0m   [0;1m SELECT name
 FROM sqlite_master
 WHERE type = 'table' AND NOT name = 'sqlite_sequence'
[0m
  [4;35;1mSQL (0.4ms)[0m   [0mSELECT version FROM schema_migrations[0m
  [4;36;1mSQL (0.5ms)[0m   [0;1m SELECT name
 FROM sqlite_master
 WHERE type = 'table' AND NOT name = 'sqlite_sequence'
[0m
  [4;35;1mSQL (0.2ms)[0m   [0mPRAGMA index_list("stories")[0m


Processing StoriesController#index (for 127.0.0.1 at 2010-01-18 15:33:32) [GET]
  [4;36;1mStory Load (0.8ms)[0m   [0;1mSELECT * FROM "stories" [0m
Rendering template within layouts/stories
Rendering stories/index
Completed in 30ms (View: 22, DB: 1) | 200 OK [http://0.0.0.0/stories]


Processing StoriesController#index (for 127.0.0.1 at 2010-01-18 15:34:20) [GET]
  [4;35;1mStory Load (0.6ms)[0m   [0mSELECT * FROM "stories" [0m
Rendering template within layouts/stories
Rendering stories/index
Completed in 16ms (View: 10, DB: 1) | 200 OK [http://0.0.0.0/stories]


Processing StoriesController#index (for 127.0.0.1 at 2010-01-18 15:34:56) [GET]
  [4;36;1mStory Load (0.8ms)[0m   [0;1mSELECT * FROM "stories" [0m
Rendering template within layouts/stories
Rendering stories/index
Completed in 17ms (View: 9, DB: 1) | 200 OK [http://0.0.0.0/stories]


Processing StoriesController#index (for 127.0.0.1 at 2010-01-18 15:35:19) [GET]
  [4;35;1mStory Load (0.7ms)[0m   [0mSELECT * FROM "stories" [0m
Rendering template within layouts/stories
Rendering stories/index
Completed in 16ms (View: 7, DB: 1) | 200 OK [http://0.0.0.0/stories]
  [4;36;1mStory Create (1.7ms)[0m   [0;1mINSERT INTO "stories" ("name", "created_at", "updated_at", "link") VALUES('My shiny weblog', '2010-01-18 07:37:01', '2010-01-18 07:37:01', 'http://poocs.net')[0m


Processing StoriesController#index (for 127.0.0.1 at 2010-01-18 15:37:05) [GET]
  [4;36;1mStory Load (1.6ms)[0m   [0;1mSELECT * FROM "stories" [0m
Rendering template within layouts/stories
Rendering stories/index
Completed in 18ms (View: 9, DB: 2) | 200 OK [http://0.0.0.0/stories]


Processing StoriesController#index (for 127.0.0.1 at 2010-01-18 15:37:46) [GET]
  [4;35;1mStory Load (1.0ms)[0m   [0mSELECT * FROM "stories" [0m
Rendering template within layouts/stories
Rendering stories/index
Completed in 18ms (View: 7, DB: 1) | 200 OK [http://0.0.0.0/stories]


Processing StoriesController#show (for 127.0.0.1 at 2010-01-18 15:37:47) [GET]
  Parameters: {"id"=>"1"}
  [4;36;1mStory Load (0.9ms)[0m   [0;1mSELECT * FROM "stories" WHERE ("stories"."id" = 1) [0m
Rendering template within layouts/stories
Rendering stories/show
Completed in 98ms (View: 86, DB: 1) | 200 OK [http://0.0.0.0/stories/1]


Processing StoriesController#index (for 127.0.0.1 at 2010-01-18 15:37:51) [GET]
  [4;35;1mStory Load (1.0ms)[0m   [0mSELECT * FROM "stories" [0m
Rendering template within layouts/stories
Rendering stories/index
Completed in 20ms (View: 8, DB: 1) | 200 OK [http://0.0.0.0/stories]
  [4;35;1mSQL (0.7ms)[0m   [0mSELECT count(*) AS count_all FROM "stories" [0m
  [4;36;1mStory Create (0.8ms)[0m   [0;1mINSERT INTO "stories" ("name", "created_at", "updated_at", "link") VALUES('白雪公主', '2010-01-18 07:38:52', '2010-01-18 07:38:52', 'temp')[0m


Processing StoriesController#index (for 127.0.0.1 at 2010-01-18 15:39:05) [GET]
  [4;36;1mStory Load (1.1ms)[0m   [0;1mSELECT * FROM "stories" [0m
Rendering template within layouts/stories
Rendering stories/index
Completed in 19ms (View: 8, DB: 1) | 200 OK [http://0.0.0.0/stories]


Processing StoriesController#index (for 127.0.0.1 at 2010-01-18 15:40:52) [GET]
  [4;35;1mStory Load (1.0ms)[0m   [0mSELECT * FROM "stories" [0m
Rendering template within layouts/stories
Rendering stories/index
Completed in 18ms (View: 11, DB: 1) | 200 OK [http://0.0.0.0/stories]


Processing StoriesController#index (for 127.0.0.1 at 2010-01-18 15:41:10) [GET]
  [4;36;1mStory Load (1.0ms)[0m   [0;1mSELECT * FROM "stories" [0m
Rendering template within layouts/stories
Rendering stories/index
Completed in 20ms (View: 13, DB: 1) | 200 OK [http://0.0.0.0/stories]


Processing ApplicationController#index (for 127.0.0.1 at 2010-01-18 15:41:29) [GET]

ActionController::RoutingError (No route matches "/story" with {:method=>:get}):
  /usr/lib/ruby/1.8/webrick/httpserver.rb:104:in `service'
  /usr/lib/ruby/1.8/webrick/httpserver.rb:65:in `run'
  /usr/lib/ruby/1.8/webrick/server.rb:173:in `start_thread'
  /usr/lib/ruby/1.8/webrick/server.rb:162:in `start'
  /usr/lib/ruby/1.8/webrick/server.rb:162:in `start_thread'
  /usr/lib/ruby/1.8/webrick/server.rb:95:in `start'
  /usr/lib/ruby/1.8/webrick/server.rb:92:in `each'
  /usr/lib/ruby/1.8/webrick/server.rb:92:in `start'
  /usr/lib/ruby/1.8/webrick/server.rb:23:in `start'
  /usr/lib/ruby/1.8/webrick/server.rb:82:in `start'

Rendering rescues/layout (not_found)


Processing StoryController#index (for 127.0.0.1 at 2010-01-18 15:43:57) [GET]
Rendering story/index
Completed in 11ms (View: 8, DB: 0) | 200 OK [http://0.0.0.0/story]


Processing ApplicationController#index (for 127.0.0.1 at 2010-01-18 15:44:31) [GET]

NoMethodError (undefined method `scaffold' for StoryController:Class):
  app/controllers/story_controller.rb:2
  /usr/lib/ruby/1.8/webrick/httpserver.rb:104:in `service'
  /usr/lib/ruby/1.8/webrick/httpserver.rb:65:in `run'
  /usr/lib/ruby/1.8/webrick/server.rb:173:in `start_thread'
  /usr/lib/ruby/1.8/webrick/server.rb:162:in `start'
  /usr/lib/ruby/1.8/webrick/server.rb:162:in `start_thread'
  /usr/lib/ruby/1.8/webrick/server.rb:95:in `start'
  /usr/lib/ruby/1.8/webrick/server.rb:92:in `each'
  /usr/lib/ruby/1.8/webrick/server.rb:92:in `start'
  /usr/lib/ruby/1.8/webrick/server.rb:23:in `start'
  /usr/lib/ruby/1.8/webrick/server.rb:82:in `start'

Rendered rescues/_trace (39.5ms)
Rendered rescues/_request_and_response (1.8ms)
Rendering rescues/layout (internal_server_error)


Processing ApplicationController#index (for 127.0.0.1 at 2010-01-18 15:44:50) [GET]

NoMethodError (undefined method `scaffold' for StoryController:Class):
  app/controllers/story_controller.rb:2
  /usr/lib/ruby/1.8/webrick/httpserver.rb:104:in `service'
  /usr/lib/ruby/1.8/webrick/httpserver.rb:65:in `run'
  /usr/lib/ruby/1.8/webrick/server.rb:173:in `start_thread'
  /usr/lib/ruby/1.8/webrick/server.rb:162:in `start'
  /usr/lib/ruby/1.8/webrick/server.rb:162:in `start_thread'
  /usr/lib/ruby/1.8/webrick/server.rb:95:in `start'
  /usr/lib/ruby/1.8/webrick/server.rb:92:in `each'
  /usr/lib/ruby/1.8/webrick/server.rb:92:in `start'
  /usr/lib/ruby/1.8/webrick/server.rb:23:in `start'
  /usr/lib/ruby/1.8/webrick/server.rb:82:in `start'

Rendered rescues/_trace (45.9ms)
Rendered rescues/_request_and_response (0.4ms)
Rendering rescues/layout (internal_server_error)


Processing ApplicationController#index (for 127.0.0.1 at 2010-01-18 15:44:51) [GET]

NoMethodError (undefined method `scaffold' for StoryController:Class):
  app/controllers/story_controller.rb:2
  /usr/lib/ruby/1.8/webrick/httpserver.rb:104:in `service'
  /usr/lib/ruby/1.8/webrick/httpserver.rb:65:in `run'
  /usr/lib/ruby/1.8/webrick/server.rb:173:in `start_thread'
  /usr/lib/ruby/1.8/webrick/server.rb:162:in `start'
  /usr/lib/ruby/1.8/webrick/server.rb:162:in `start_thread'
  /usr/lib/ruby/1.8/webrick/server.rb:95:in `start'
  /usr/lib/ruby/1.8/webrick/server.rb:92:in `each'
  /usr/lib/ruby/1.8/webrick/server.rb:92:in `start'
  /usr/lib/ruby/1.8/webrick/server.rb:23:in `start'
  /usr/lib/ruby/1.8/webrick/server.rb:82:in `start'

Rendered rescues/_trace (40.7ms)
Rendered rescues/_request_and_response (0.6ms)
Rendering rescues/layout (internal_server_error)


Processing ApplicationController#index (for 127.0.0.1 at 2010-01-18 15:45:26) [GET]

NoMethodError (undefined method `scaffold' for StoryController:Class):
  app/controllers/story_controller.rb:2
  /usr/lib/ruby/1.8/webrick/httpserver.rb:104:in `service'
  /usr/lib/ruby/1.8/webrick/httpserver.rb:65:in `run'
  /usr/lib/ruby/1.8/webrick/server.rb:173:in `start_thread'
  /usr/lib/ruby/1.8/webrick/server.rb:162:in `start'
  /usr/lib/ruby/1.8/webrick/server.rb:162:in `start_thread'
  /usr/lib/ruby/1.8/webrick/server.rb:95:in `start'
  /usr/lib/ruby/1.8/webrick/server.rb:92:in `each'
  /usr/lib/ruby/1.8/webrick/server.rb:92:in `start'
  /usr/lib/ruby/1.8/webrick/server.rb:23:in `start'
  /usr/lib/ruby/1.8/webrick/server.rb:82:in `start'

Rendered rescues/_trace (38.9ms)
Rendered rescues/_request_and_response (0.4ms)
Rendering rescues/layout (internal_server_error)


Processing ApplicationController#index (for 127.0.0.1 at 2010-01-18 15:46:00) [GET]

NoMethodError (undefined method `scaffold' for StoryController:Class):
  app/controllers/story_controller.rb:2
  /usr/lib/ruby/1.8/webrick/httpserver.rb:104:in `service'
  /usr/lib/ruby/1.8/webrick/httpserver.rb:65:in `run'
  /usr/lib/ruby/1.8/webrick/server.rb:173:in `start_thread'
  /usr/lib/ruby/1.8/webrick/server.rb:162:in `start'
  /usr/lib/ruby/1.8/webrick/server.rb:162:in `start_thread'
  /usr/lib/ruby/1.8/webrick/server.rb:95:in `start'
  /usr/lib/ruby/1.8/webrick/server.rb:92:in `each'
  /usr/lib/ruby/1.8/webrick/server.rb:92:in `start'
  /usr/lib/ruby/1.8/webrick/server.rb:23:in `start'
  /usr/lib/ruby/1.8/webrick/server.rb:82:in `start'

Rendered rescues/_trace (133.4ms)
Rendered rescues/_request_and_response (0.4ms)
Rendering rescues/layout (internal_server_error)


Processing ApplicationController#index (for 127.0.0.1 at 2010-01-18 15:46:01) [GET]

NoMethodError (undefined method `scaffold' for StoryController:Class):
  app/controllers/story_controller.rb:2
  /usr/lib/ruby/1.8/webrick/httpserver.rb:104:in `service'
  /usr/lib/ruby/1.8/webrick/httpserver.rb:65:in `run'
  /usr/lib/ruby/1.8/webrick/server.rb:173:in `start_thread'
  /usr/lib/ruby/1.8/webrick/server.rb:162:in `start'
  /usr/lib/ruby/1.8/webrick/server.rb:162:in `start_thread'
  /usr/lib/ruby/1.8/webrick/server.rb:95:in `start'
  /usr/lib/ruby/1.8/webrick/server.rb:92:in `each'
  /usr/lib/ruby/1.8/webrick/server.rb:92:in `start'
  /usr/lib/ruby/1.8/webrick/server.rb:23:in `start'
  /usr/lib/ruby/1.8/webrick/server.rb:82:in `start'

Rendered rescues/_trace (42.1ms)
Rendered rescues/_request_and_response (0.4ms)
Rendering rescues/layout (internal_server_error)


Processing StoryController#index (for 127.0.0.1 at 2010-01-18 15:46:06) [GET]
Rendering story/index
Completed in 3ms (View: 1, DB: 0) | 200 OK [http://0.0.0.0/story]


Processing StoryController#index (for 127.0.0.1 at 2010-01-18 15:46:57) [GET]
Rendering story/index

ActionView::TemplateError (You have a nil object when you didn't expect it!
You might have expected an instance of Array.
The error occurred while evaluating nil.each) on line #15 of app/views/story/index.html.erb:
12:     <th colspan="3">Operations</th>
13:   </tr>
14: 
15: <% @stories.each do |story| %>
16:   <tr>
17:     <td><%=h story.id %></td>
18:     <td><%=h story.name %></td>

    app/views/story/index.html.erb:15
    /usr/lib/ruby/1.8/webrick/httpserver.rb:104:in `service'
    /usr/lib/ruby/1.8/webrick/httpserver.rb:65:in `run'
    /usr/lib/ruby/1.8/webrick/server.rb:173:in `start_thread'
    /usr/lib/ruby/1.8/webrick/server.rb:162:in `start'
    /usr/lib/ruby/1.8/webrick/server.rb:162:in `start_thread'
    /usr/lib/ruby/1.8/webrick/server.rb:95:in `start'
    /usr/lib/ruby/1.8/webrick/server.rb:92:in `each'
    /usr/lib/ruby/1.8/webrick/server.rb:92:in `start'
    /usr/lib/ruby/1.8/webrick/server.rb:23:in `start'
    /usr/lib/ruby/1.8/webrick/server.rb:82:in `start'

Rendered rescues/_trace (151.3ms)
Rendered rescues/_request_and_response (0.5ms)
Rendering rescues/layout (internal_server_error)


Processing ApplicationController#index (for 127.0.0.1 at 2010-01-25 11:08:27) [GET]

ActionController::RoutingError (No route matches "/storis" with {:method=>:get}):
  

Rendering rescues/layout (not_found)


Processing StoriesController#index (for 127.0.0.1 at 2010-01-25 11:08:31) [GET]
  [4;36;1mStory Load (1.6ms)[0m   [0;1mSELECT * FROM "stories" [0m
Rendering template within layouts/stories
Rendering stories/index
Completed in 252ms (View: 242, DB: 2) | 200 OK [http://0.0.0.0/stories]
